[INFO] Scanning for projects...
[INFO] ------------------------------------------------------------------------
[INFO] Reactor Build Order:
[INFO] 
[INFO] PROJET_INTEGRATION Codes Master
[INFO] PROJET_INTEGRATION Routines
[INFO] PROJET_INTEGRATION TestOfJob (TestCase)
[INFO] 
[INFO] Using the builder org.apache.maven.lifecycle.internal.builder.singlethreaded.SingleThreadedBuilder with a thread count of 1
[INFO]                                                                         
[INFO] ------------------------------------------------------------------------
[INFO] Building PROJET_INTEGRATION Codes Master 6.5.1
[INFO] ------------------------------------------------------------------------
[INFO]                                                                         
[INFO] ------------------------------------------------------------------------
[INFO] Building PROJET_INTEGRATION Routines 6.5.1
[INFO] ------------------------------------------------------------------------
[INFO] 
[INFO] --- maven-resources-plugin:2.7:resources (default-resources) @ routines ---
[INFO] Using 'UTF-8' encoding to copy filtered resources.
[INFO] Copying 42 resources
[INFO] 
[INFO] --- maven-compiler-plugin:2.5.1:compile (default-compile) @ routines ---
[INFO] Nothing to compile - all classes are up to date
[INFO] 
[INFO] --- maven-resources-plugin:2.7:testResources (default-testResources) @ routines ---
[INFO] Using 'UTF-8' encoding to copy filtered resources.
[INFO] Copying 3 resources
[INFO] 
[INFO] --- maven-compiler-plugin:2.5.1:testCompile (default-testCompile) @ routines ---
[INFO] Nothing to compile - all classes are up to date
[INFO] 
[INFO] --- maven-surefire-plugin:2.12.4:test (default-test) @ routines ---
[INFO] Tests are skipped.
[INFO]                                                                         
[INFO] ------------------------------------------------------------------------
[INFO] Building PROJET_INTEGRATION TestOfJob (TestCase) 0.1.0
[INFO] ------------------------------------------------------------------------
[INFO] 
[INFO] --- maven-resources-plugin:2.7:resources (default-resources) @ TestOfJob ---
[INFO] Using 'UTF-8' encoding to copy filtered resources.
[INFO] Copying 42 resources
[INFO] 
[INFO] --- maven-compiler-plugin:2.5.1:compile (default-compile) @ TestOfJob ---
[INFO] Nothing to compile - all classes are up to date
[INFO] 
[INFO] --- maven-resources-plugin:2.7:testResources (default-testResources) @ TestOfJob ---
[INFO] Using 'UTF-8' encoding to copy filtered resources.
[INFO] Copying 3 resources
[INFO] 
[INFO] --- maven-compiler-plugin:2.5.1:testCompile (default-testCompile) @ TestOfJob ---
[INFO] Nothing to compile - all classes are up to date
[INFO] 
[INFO] --- maven-surefire-plugin:2.12.4:test (default-test) @ TestOfJob ---
[INFO] Surefire report directory: C:\Users\aayache\Desktop\studio_talend\new\studio\Talend-Studio-20180116_1512-V6.5.1\workspace\.Java\target\surefire-reports

-------------------------------------------------------
 T E S T S
-------------------------------------------------------
Running projet_integration.jobwithtest_0_1.testofjob_0_1.TestOfJobTest
[job TestOfJob] Files differ
Tests run: 1, Failures: 0, Errors: 0, Skipped: 0, Time elapsed: 0.054 sec

Results :

Tests run: 1, Failures: 0, Errors: 0, Skipped: 0

[INFO] ------------------------------------------------------------------------
[INFO] Reactor Summary:
[INFO] 
[INFO] PROJET_INTEGRATION Codes Master ................... SUCCESS [  0.003 s]
[INFO] PROJET_INTEGRATION Routines ....................... SUCCESS [  3.531 s]
[INFO] PROJET_INTEGRATION TestOfJob (TestCase) ........... SUCCESS [  1.980 s]
[INFO] ------------------------------------------------------------------------
[INFO] BUILD SUCCESS
[INFO] ------------------------------------------------------------------------
[INFO] Total time: 5.646 s
[INFO] Finished at: 2019-04-10T11:08:22+01:00
[INFO] Final Memory: 7M/17M
[INFO] ------------------------------------------------------------------------
